<!DOCTYPE html>
<html>
<head>
    <title>Automation Test Report</title>
    <meta charset="utf-8">
    <meta name="viewport" content="width=device-width, initial-scale=1.0">
    <link rel="stylesheet" href="https://maxcdn.bootstrapcdn.com/bootstrap/3.3.6/css/bootstrap.min.css" integrity="sha384-1q8mTJOASx8j1Au+a5WDVnPi2lkFfwwEAa8hDDdjZlpLegxhjVME1fgjWPGmkzs7" crossorigin="anonymous">
</head>
<body>
    <div class="container">
        <div class="row">
            <div class="col-xs-12">
                <h2 class="text-capitalize">Automation Test Report</h2>
                <p class='attribute'><strong>Start Time: </strong>2025-03-23 16:05:02</p>
                <p class='attribute'><strong>Duration: </strong>78.59 s</p>
                <p class='attribute'><strong>Summary: </strong>Total: 10, Pass: 8, Error: 2</p>
            </div>
        </div>
        <div class="row">
            <div class="col-xs-12 col-sm-10 col-md-10">
                <table class='table table-hover table-responsive'>
                    <thead>
                        <tr>
                            <th>test_login.TestLogin</th>
                            <th>Status</th>
                            <th></th>
                        </tr>
                    </thead>
                    <tbody>
                        <tr class='success'>
                            <td class="col-xs-10">test_locked_out_user</td>
                            <td class="col-xs-1">
                                <span class="label label-success" style="display:block;width:40px;">Pass</span>
                            </td>
                            <td class="col-xs-1">
                            </td>
                        </tr>
                        <tr class='success'>
                            <td class="col-xs-10">test_login_empty_fields</td>
                            <td class="col-xs-1">
                                <span class="label label-success" style="display:block;width:40px;">Pass</span>
                            </td>
                            <td class="col-xs-1">
                            </td>
                        </tr>
                        <tr class='success'>
                            <td class="col-xs-10">test_login_empty_password</td>
                            <td class="col-xs-1">
                                <span class="label label-success" style="display:block;width:40px;">Pass</span>
                            </td>
                            <td class="col-xs-1">
                            </td>
                        </tr>
                        <tr class='success'>
                            <td class="col-xs-10">test_login_empty_username</td>
                            <td class="col-xs-1">
                                <span class="label label-success" style="display:block;width:40px;">Pass</span>
                            </td>
                            <td class="col-xs-1">
                            </td>
                        </tr>
                        <tr class='success'>
                            <td class="col-xs-10">test_login_invalid_credentials</td>
                            <td class="col-xs-1">
                                <span class="label label-success" style="display:block;width:40px;">Pass</span>
                            </td>
                            <td class="col-xs-1">
                            </td>
                        </tr>
                        <tr class='success'>
                            <td class="col-xs-10">test_login_success</td>
                            <td class="col-xs-1">
                                <span class="label label-success" style="display:block;width:40px;">Pass</span>
                            </td>
                            <td class="col-xs-1">
                            </td>
                        </tr>
                        <tr>
                            <td colspan="3">
                                Total: 6, Pass: 6 -- Duration: 33.19 s
                            </td>
                        </tr>
                    </tbody>
                </table>
            </div>
        </div>
        <div class="row">
            <div class="col-xs-12 col-sm-10 col-md-10">
                <table class='table table-hover table-responsive'>
                    <thead>
                        <tr>
                            <th>test_logout.TestLogout</th>
                            <th>Status</th>
                            <th></th>
                        </tr>
                    </thead>
                    <tbody>
                        <tr class='success'>
                            <td class="col-xs-10">test_logout</td>
                            <td class="col-xs-1">
                                <span class="label label-success" style="display:block;width:40px;">Pass</span>
                            </td>
                            <td class="col-xs-1">
                            </td>
                        </tr>
                        <tr>
                            <td colspan="3">
                                Total: 1, Pass: 1 -- Duration: 6.18 s
                            </td>
                        </tr>
                    </tbody>
                </table>
            </div>
        </div>
        <div class="row">
            <div class="col-xs-12 col-sm-10 col-md-10">
                <table class='table table-hover table-responsive'>
                    <thead>
                        <tr>
                            <th>test_remove_from_cart.TestRemoveFromCart</th>
                            <th>Status</th>
                            <th></th>
                        </tr>
                    </thead>
                    <tbody>
                        <tr class='success'>
                            <td class="col-xs-10">test_remove_item_from_cart</td>
                            <td class="col-xs-1">
                                <span class="label label-success" style="display:block;width:40px;">Pass</span>
                            </td>
                            <td class="col-xs-1">
                            </td>
                        </tr>
                        <tr>
                            <td colspan="3">
                                Total: 1, Pass: 1 -- Duration: 6.30 s
                            </td>
                        </tr>
                    </tbody>
                </table>
            </div>
        </div>
        <div class="row">
            <div class="col-xs-12 col-sm-10 col-md-10">
                <table class='table table-hover table-responsive'>
                    <thead>
                        <tr>
                            <th>test_add_to_cart.TestAddToCartNegative</th>
                            <th>Status</th>
                            <th></th>
                        </tr>
                    </thead>
                    <tbody>
                        <tr class='warning'>
                            <td class="col-xs-10">test_add_invalid_product</td>
                            <td class="col-xs-1">
                                <span class="label label-warning" style="display:block;width:40px;">Error</span>
                            </td>
                            <td class="col-xs-1">
                                <button class="btn btn-default btn-xs">View</button>
                            </td>
                        </tr>
                        <tr style="display:none;">
                            <td class="col-xs-9" colspan="3"><p style="color:maroon;">TimeoutException: Message: 
Stacktrace:
	GetHandleVerifier [0x00007FF602E34C25+3179557]
	(No symbol) [0x00007FF602A988A0]
	(No symbol) [0x00007FF6029291CA]
	(No symbol) [0x00007FF60297FA67]
	(No symbol) [0x00007FF60297FC9C]
	(No symbol) [0x00007FF6029D3627]
	(No symbol) [0x00007FF6029A7C6F]
	(No symbol) [0x00007FF6029D02F3]
	(No symbol) [0x00007FF6029A7A03]
	(No symbol) [0x00007FF6029706D0]
	(No symbol) [0x00007FF602971983]
	GetHandleVerifier [0x00007FF602E967CD+3579853]
	GetHandleVerifier [0x00007FF602EAD1D2+3672530]
	GetHandleVerifier [0x00007FF602EA2153+3627347]
	GetHandleVerifier [0x00007FF602C0092A+868650]
	(No symbol) [0x00007FF602AA2FFF]
	(No symbol) [0x00007FF602A9F4A4]
	(No symbol) [0x00007FF602A9F646]
	(No symbol) [0x00007FF602A8EAA9]
	BaseThreadInitThunk [0x00007FFF2B8BE8D7+23]
	RtlUserThreadStart [0x00007FFF2CE1BF6C+44]
</p><p style="color:maroon;">Traceback (most recent call last):
  File "E:\projects_automation\automation_testing\tests\test_add_to_cart.py", line 16, in test_add_invalid_product
    self.inventory_page.add_to_cart("invalid-product")
    ~~~~~~~~~~~~~~~~~~~~~~~~~~~~~~~^^^^^^^^^^^^^^^^^^^
  File "E:\projects_automation\automation_testing\pages\inventory_page.py", line 12, in add_to_cart
    add_button = self.wait.until(
        EC.element_to_be_clickable((By.ID, f"add-to-cart-{product_id}"))
    )
  File "C:\Users\Novy\AppData\Local\Programs\Python\Python313\Lib\site-packages\selenium\webdriver\support\wait.py", line 146, in until
    raise TimeoutException(message, screen, stacktrace)
selenium.common.exceptions.TimeoutException: Message: 
Stacktrace:
	GetHandleVerifier [0x00007FF602E34C25+3179557]
	(No symbol) [0x00007FF602A988A0]
	(No symbol) [0x00007FF6029291CA]
	(No symbol) [0x00007FF60297FA67]
	(No symbol) [0x00007FF60297FC9C]
	(No symbol) [0x00007FF6029D3627]
	(No symbol) [0x00007FF6029A7C6F]
	(No symbol) [0x00007FF6029D02F3]
	(No symbol) [0x00007FF6029A7A03]
	(No symbol) [0x00007FF6029706D0]
	(No symbol) [0x00007FF602971983]
	GetHandleVerifier [0x00007FF602E967CD+3579853]
	GetHandleVerifier [0x00007FF602EAD1D2+3672530]
	GetHandleVerifier [0x00007FF602EA2153+3627347]
	GetHandleVerifier [0x00007FF602C0092A+868650]
	(No symbol) [0x00007FF602AA2FFF]
	(No symbol) [0x00007FF602A9F4A4]
	(No symbol) [0x00007FF602A9F646]
	(No symbol) [0x00007FF602A8EAA9]
	BaseThreadInitThunk [0x00007FFF2B8BE8D7+23]
	RtlUserThreadStart [0x00007FFF2CE1BF6C+44]

</p>
                            </td>
                        </tr>
                        <tr class='warning'>
                            <td class="col-xs-10">test_add_same_product_twice</td>
                            <td class="col-xs-1">
                                <span class="label label-warning" style="display:block;width:40px;">Error</span>
                            </td>
                            <td class="col-xs-1">
                                <button class="btn btn-default btn-xs">View</button>
                            </td>
                        </tr>
                        <tr style="display:none;">
                            <td class="col-xs-9" colspan="3"><p style="color:maroon;">TimeoutException: Message: 
Stacktrace:
	GetHandleVerifier [0x00007FF602E34C25+3179557]
	(No symbol) [0x00007FF602A988A0]
	(No symbol) [0x00007FF6029291CA]
	(No symbol) [0x00007FF60297FA67]
	(No symbol) [0x00007FF60297FC9C]
	(No symbol) [0x00007FF6029D3627]
	(No symbol) [0x00007FF6029A7C6F]
	(No symbol) [0x00007FF6029D02F3]
	(No symbol) [0x00007FF6029A7A03]
	(No symbol) [0x00007FF6029706D0]
	(No symbol) [0x00007FF602971983]
	GetHandleVerifier [0x00007FF602E967CD+3579853]
	GetHandleVerifier [0x00007FF602EAD1D2+3672530]
	GetHandleVerifier [0x00007FF602EA2153+3627347]
	GetHandleVerifier [0x00007FF602C0092A+868650]
	(No symbol) [0x00007FF602AA2FFF]
	(No symbol) [0x00007FF602A9F4A4]
	(No symbol) [0x00007FF602A9F646]
	(No symbol) [0x00007FF602A8EAA9]
	BaseThreadInitThunk [0x00007FFF2B8BE8D7+23]
	RtlUserThreadStart [0x00007FFF2CE1BF6C+44]
</p><p style="color:maroon;">Traceback (most recent call last):
  File "E:\projects_automation\automation_testing\tests\test_add_to_cart.py", line 23, in test_add_same_product_twice
    self.inventory_page.add_to_cart("sauce-labs-backpack")
    ~~~~~~~~~~~~~~~~~~~~~~~~~~~~~~~^^^^^^^^^^^^^^^^^^^^^^^
  File "E:\projects_automation\automation_testing\pages\inventory_page.py", line 12, in add_to_cart
    add_button = self.wait.until(
        EC.element_to_be_clickable((By.ID, f"add-to-cart-{product_id}"))
    )
  File "C:\Users\Novy\AppData\Local\Programs\Python\Python313\Lib\site-packages\selenium\webdriver\support\wait.py", line 146, in until
    raise TimeoutException(message, screen, stacktrace)
selenium.common.exceptions.TimeoutException: Message: 
Stacktrace:
	GetHandleVerifier [0x00007FF602E34C25+3179557]
	(No symbol) [0x00007FF602A988A0]
	(No symbol) [0x00007FF6029291CA]
	(No symbol) [0x00007FF60297FA67]
	(No symbol) [0x00007FF60297FC9C]
	(No symbol) [0x00007FF6029D3627]
	(No symbol) [0x00007FF6029A7C6F]
	(No symbol) [0x00007FF6029D02F3]
	(No symbol) [0x00007FF6029A7A03]
	(No symbol) [0x00007FF6029706D0]
	(No symbol) [0x00007FF602971983]
	GetHandleVerifier [0x00007FF602E967CD+3579853]
	GetHandleVerifier [0x00007FF602EAD1D2+3672530]
	GetHandleVerifier [0x00007FF602EA2153+3627347]
	GetHandleVerifier [0x00007FF602C0092A+868650]
	(No symbol) [0x00007FF602AA2FFF]
	(No symbol) [0x00007FF602A9F4A4]
	(No symbol) [0x00007FF602A9F646]
	(No symbol) [0x00007FF602A8EAA9]
	BaseThreadInitThunk [0x00007FFF2B8BE8D7+23]
	RtlUserThreadStart [0x00007FFF2CE1BF6C+44]

</p>
                            </td>
                        </tr>
                        <tr>
                            <td colspan="3">
                                Total: 2, Pass: 0, Error: 2 -- Duration: 32.93 s
                            </td>
                        </tr>
                    </tbody>
                </table>
            </div>
        </div>
    </div>
    <script src="https://ajax.googleapis.com/ajax/libs/jquery/2.2.4/jquery.min.js"></script>
    <script type="text/javascript">
        $(document).ready(function(){
            $('td').on('click', '.btn', function(e){
                e.preventDefault();
                e.stopImmediatePropagation();
                var $this = $(this);
                var $nextRow = $this.closest('tr').next('tr');
                $nextRow.slideToggle("fast");
                $this.text(function(i, text){
                    if (text === 'View') {
                        return 'Hide';
                    } else {
                        return 'View';
                    };
                });
            });
        });
    </script>
</body>
</html